[debug] [2025-01-02T07:00:08.662Z] ----------------------------------------------------------------------
[debug] [2025-01-02T07:00:08.664Z] Command:       /Users/noseyuto/.nodebrew/node/v20.9.0/bin/node /Users/noseyuto/.nodebrew/current/bin/firebase init
[debug] [2025-01-02T07:00:08.664Z] CLI Version:   13.12.0
[debug] [2025-01-02T07:00:08.664Z] Platform:      darwin
[debug] [2025-01-02T07:00:08.665Z] Node Version:  v20.9.0
[debug] [2025-01-02T07:00:08.665Z] Time:          Thu Jan 02 2025 16:00:08 GMT+0900 (日本標準時)
[debug] [2025-01-02T07:00:08.665Z] ----------------------------------------------------------------------
[debug] 
[debug] [2025-01-02T07:00:08.668Z] > command requires scopes: ["email","openid","https://www.googleapis.com/auth/cloudplatformprojects.readonly","https://www.googleapis.com/auth/firebase","https://www.googleapis.com/auth/cloud-platform"]
[debug] [2025-01-02T07:00:08.669Z] > authorizing via signed-in user (yutoria0916@gmail.com)
[info] 
     ######## #### ########  ######## ########     ###     ######  ########
     ##        ##  ##     ## ##       ##     ##  ##   ##  ##       ##
     ######    ##  ########  ######   ########  #########  ######  ######
     ##        ##  ##    ##  ##       ##     ## ##     ##       ## ##
     ##       #### ##     ## ######## ########  ##     ##  ######  ########

You're about to initialize a Firebase project in this directory:

  /Users/noseyuto/dev/edisonlight_backend_api

[info] 
=== Project Setup
[info] 
[info] First, let's associate this project directory with a Firebase project.
[info] You can create multiple project aliases by running firebase use --add, 
[info] but for now we'll just set up a default project.
[info] 
[debug] [2025-01-02T07:00:11.621Z] > refreshing access token with scopes: []
[debug] [2025-01-02T07:00:11.624Z] >>> [apiv2][query] POST https://www.googleapis.com/oauth2/v3/token [none]
[debug] [2025-01-02T07:00:11.624Z] >>> [apiv2][body] POST https://www.googleapis.com/oauth2/v3/token [omitted]
[debug] [2025-01-02T07:00:11.903Z] <<< [apiv2][status] POST https://www.googleapis.com/oauth2/v3/token 200
[debug] [2025-01-02T07:00:11.904Z] <<< [apiv2][body] POST https://www.googleapis.com/oauth2/v3/token [omitted]
[debug] [2025-01-02T07:00:11.916Z] >>> [apiv2][query] GET https://firebase.googleapis.com/v1beta1/projects pageSize=100
[debug] [2025-01-02T07:00:12.672Z] <<< [apiv2][status] GET https://firebase.googleapis.com/v1beta1/projects 200
[debug] [2025-01-02T07:00:12.672Z] <<< [apiv2][body] GET https://firebase.googleapis.com/v1beta1/projects [omitted]
[info] i  Using project sampleapp-e1e24 (SampleApp) 
[info] 
=== Hosting Setup
[debug] [2025-01-02T07:00:16.117Z] >>> [apiv2][query] GET https://firebase.googleapis.com/v1beta1/projects/sampleapp-e1e24 [none]
[debug] [2025-01-02T07:00:16.948Z] <<< [apiv2][status] GET https://firebase.googleapis.com/v1beta1/projects/sampleapp-e1e24 200
[debug] [2025-01-02T07:00:16.949Z] <<< [apiv2][body] GET https://firebase.googleapis.com/v1beta1/projects/sampleapp-e1e24 {"projectId":"sampleapp-e1e24","projectNumber":"606430184116","displayName":"SampleApp","name":"projects/sampleapp-e1e24","resources":{"hostingSite":"sampleapp-e1e24"},"state":"ACTIVE","etag":"1_6a1723fe-abf0-4e06-bbe5-071f6f075173"}
[info] 
[info] Your public directory is the folder (relative to your project directory) that
[info] will contain Hosting assets to be uploaded with firebase deploy. If you
[info] have a build process for your assets, use your build's output directory.
[info] 
[debug] [2025-01-02T07:00:58.774Z] >>> [apiv2][query] GET https://www.gstatic.com/firebasejs/releases.json [none]
[debug] [2025-01-02T07:00:58.942Z] <<< [apiv2][status] GET https://www.gstatic.com/firebasejs/releases.json 200
[debug] [2025-01-02T07:00:58.942Z] <<< [apiv2][body] GET https://www.gstatic.com/firebasejs/releases.json {"current":{"version":"11.1.0","browserURL":"https://www.gstatic.com/firebasejs/11.1.0/firebase.js","packageURL":"https://www.gstatic.com/firebasejs/11.1.0/firebase.tgz"},"live":{"version":"11.1","browserURL":"https://www.gstatic.com/firebasejs/live/11.1/firebase.js","packageURL":"https://www.gstatic.com/firebasejs/live/11.1/firebase.tgz"},"components":{"analytics":"https://www.gstatic.com/firebasejs/11.1.0/firebase-analytics.js","app":"https://www.gstatic.com/firebasejs/11.1.0/firebase-app.js","app-check":"https://www.gstatic.com/firebasejs/11.1.0/firebase-app-check.js","auth":"https://www.gstatic.com/firebasejs/11.1.0/firebase-auth.js","auth/cordova":"https://www.gstatic.com/firebasejs/11.1.0/firebase-auth/cordova.js","auth/web-extension":"https://www.gstatic.com/firebasejs/11.1.0/firebase-auth/web-extension.js","functions":"https://www.gstatic.com/firebasejs/11.1.0/firebase-functions.js","firestore":"https://www.gstatic.com/firebasejs/11.1.0/firebase-firestore.js","firestore/lite":"https://www.gstatic.com/firebasejs/11.1.0/firebase-firestore/lite.js","installations":"https://www.gstatic.com/firebasejs/11.1.0/firebase-installations.js","storage":"https://www.gstatic.com/firebasejs/11.1.0/firebase-storage.js","performance":"https://www.gstatic.com/firebasejs/11.1.0/firebase-performance.js","remote-config":"https://www.gstatic.com/firebasejs/11.1.0/firebase-remote-config.js","messaging":"https://www.gstatic.com/firebasejs/11.1.0/firebase-messaging.js","messaging/sw":"https://www.gstatic.com/firebasejs/11.1.0/firebase-messaging/sw.js","database":"https://www.gstatic.com/firebasejs/11.1.0/firebase-database.js","vertexai":"https://www.gstatic.com/firebasejs/11.1.0/firebase-vertexai.js","data-connect":"https://www.gstatic.com/firebasejs/11.1.0/firebase-data-connect.js","firestore.memory":"https://www.gstatic.com/firebasejs/11.1.0/firebase-firestore.memory.js"}}
[info] ✔  Wrote public/index.html 
[info] 
[info] i  Detected a .git folder at /Users/noseyuto 
[info] i  Authorizing with GitHub to upload your service account to a GitHub repository's secrets store. 
[info] 
[info] Visit this URL on this device to log in:
[info] https://github.com/login/oauth/authorize?client_id=89cf50f02ac6aaed3484&state=591443102&redirect_uri=http%3A%2F%2Flocalhost%3A9005&scope=read%3Auser%20repo%20public_repo
[info] 
[info] Waiting for authentication...
[debug] [2025-01-02T07:01:00.184Z] >>> [apiv2][query] POST https://github.com/login/oauth/access_token [none]
[debug] [2025-01-02T07:01:00.185Z] >>> [apiv2][body] POST https://github.com/login/oauth/access_token [stream]
[debug] [2025-01-02T07:01:00.547Z] <<< [apiv2][status] POST https://github.com/login/oauth/access_token 200
[debug] [2025-01-02T07:01:00.548Z] <<< [apiv2][body] POST https://github.com/login/oauth/access_token {"access_token":"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","token_type":"bearer","scope":"read:user,repo"}
[debug] [2025-01-02T07:01:00.554Z] >>> [apiv2][query] GET https://api.github.com/user [none]
[debug] [2025-01-02T07:01:01.002Z] <<< [apiv2][status] GET https://api.github.com/user 200
[debug] [2025-01-02T07:01:01.002Z] <<< [apiv2][body] GET https://api.github.com/user {"login":"YutoNose","id":110585253,"node_id":"U_kgDOBpdlpQ","avatar_url":"https://avatars.githubusercontent.com/u/110585253?v=4","gravatar_id":"","url":"https://api.github.com/users/YutoNose","html_url":"https://github.com/YutoNose","followers_url":"https://api.github.com/users/YutoNose/followers","following_url":"https://api.github.com/users/YutoNose/following{/other_user}","gists_url":"https://api.github.com/users/YutoNose/gists{/gist_id}","starred_url":"https://api.github.com/users/YutoNose/starred{/owner}{/repo}","subscriptions_url":"https://api.github.com/users/YutoNose/subscriptions","organizations_url":"https://api.github.com/users/YutoNose/orgs","repos_url":"https://api.github.com/users/YutoNose/repos","events_url":"https://api.github.com/users/YutoNose/events{/privacy}","received_events_url":"https://api.github.com/users/YutoNose/received_events","type":"User","user_view_type":"private","site_admin":false,"name":null,"company":"Givery, Inc.","blog":"","location":"Shibuya, Japan","email":null,"hireable":null,"bio":"理工展情報局71st 生医16th","twitter_username":"ytaseml","notification_email":null,"public_repos":5,"public_gists":0,"followers":1,"following":1,"created_at":"2022-08-04T04:41:41Z","updated_at":"2024-12-19T13:26:02Z","private_gists":0,"total_private_repos":4,"owned_private_repos":4,"disk_usage":12943,"collaborators":1,"two_factor_authentication":true,"plan":{"name":"pro","space":976562499,"collaborators":0,"private_repos":9999}}
[info] 
[info] ✔  Success! Logged into GitHub as YutoNose 
[info] 
[debug] [2025-01-02T07:01:35.462Z] >>> [apiv2][query] GET https://api.github.com/repos/YutoNose/edisonlight_backend_api/actions/secrets/public-key type=owner
[debug] [2025-01-02T07:01:35.778Z] <<< [apiv2][status] GET https://api.github.com/repos/YutoNose/edisonlight_backend_api/actions/secrets/public-key 404
[debug] [2025-01-02T07:01:35.778Z] <<< [apiv2][body] GET https://api.github.com/repos/YutoNose/edisonlight_backend_api/actions/secrets/public-key {"message":"Not Found","documentation_url":"https://docs.github.com/rest/actions/secrets#get-a-repository-public-key","status":"404"}
[info] 
[info] 
[error] ⚠  The provided authorization cannot be used with this repository. If this repository is in an organization, did you remember to grant access? 
[info] 
[info] i  Action required: Visit this URL to ensure access has been granted to the appropriate organization(s) for the Firebase CLI GitHub OAuth App: 
[info] https://github.com/settings/connections/applications/89cf50f02ac6aaed3484
[info] 
[debug] [2025-01-02T07:01:40.700Z] >>> [apiv2][query] GET https://api.github.com/repos/YutoNose/edisonlight_backend_api/actions/secrets/public-key type=owner
[debug] [2025-01-02T07:01:40.963Z] <<< [apiv2][status] GET https://api.github.com/repos/YutoNose/edisonlight_backend_api/actions/secrets/public-key 404
[debug] [2025-01-02T07:01:40.963Z] <<< [apiv2][body] GET https://api.github.com/repos/YutoNose/edisonlight_backend_api/actions/secrets/public-key {"message":"Not Found","documentation_url":"https://docs.github.com/rest/actions/secrets#get-a-repository-public-key","status":"404"}
[info] 
[info] 
[error] ⚠  The provided authorization cannot be used with this repository. If this repository is in an organization, did you remember to grant access? 
[info] 
[info] i  Action required: Visit this URL to ensure access has been granted to the appropriate organization(s) for the Firebase CLI GitHub OAuth App: 
[info] https://github.com/settings/connections/applications/89cf50f02ac6aaed3484
[info] 
